<?xml version="1.0" encoding="UTF-8"?>
<!-- Generated by org.testng.reporters.JUnitReportReporter -->
<testsuite skipped="0" hostname="HIH-D-9583" name="com.netease.qy.NewTest1" tests="1" failures="0" timestamp="22 八月 2019 07:29:47 GMT" time="0.004" errors="0">
  <testcase name="f" time="0.004" classname="com.netease.qy.NewTest1"/>
</testsuite> <!-- com.netease.qy.NewTest1 -->
